2024-04-17 19:50:37,992 INFO com.example.securityspring.SecuritySpringApplication [restartedMain] Starting SecuritySpringApplication using Java 17.0.10 with PID 2628 (C:\Users\01689\IdeaProjects\SecuritySpring\target\classes started by 01689 in C:\Users\01689\IdeaProjects\SecuritySpring)
2024-04-17 19:50:37,994 INFO com.example.securityspring.SecuritySpringApplication [restartedMain] No active profile set, falling back to 1 default profile: "default"
2024-04-17 19:50:38,059 INFO org.springframework.boot.devtools.env.DevToolsPropertyDefaultsPostProcessor [restartedMain] Devtools property defaults active! Set 'spring.devtools.add-properties' to 'false' to disable
2024-04-17 19:50:38,059 INFO org.springframework.boot.devtools.env.DevToolsPropertyDefaultsPostProcessor [restartedMain] For additional web related logging consider setting the 'logging.level.web' property to 'DEBUG'
2024-04-17 19:50:38,651 INFO org.springframework.data.repository.config.RepositoryConfigurationDelegate [restartedMain] Bootstrapping Spring Data JPA repositories in DEFAULT mode.
2024-04-17 19:50:38,668 INFO org.springframework.data.repository.config.RepositoryConfigurationDelegate [restartedMain] Finished Spring Data repository scanning in 10 ms. Found 0 JPA repository interfaces.
2024-04-17 19:50:39,147 INFO org.springframework.boot.web.embedded.tomcat.TomcatWebServer [restartedMain] Tomcat initialized with port 8080 (http)
2024-04-17 19:50:39,158 INFO org.apache.catalina.core.StandardService [restartedMain] Starting service [Tomcat]
2024-04-17 19:50:39,158 INFO org.apache.catalina.core.StandardEngine [restartedMain] Starting Servlet engine: [Apache Tomcat/10.1.19]
2024-04-17 19:50:39,232 INFO org.apache.catalina.core.ContainerBase.[Tomcat].[localhost].[/] [restartedMain] Initializing Spring embedded WebApplicationContext
2024-04-17 19:50:39,232 INFO org.springframework.boot.web.servlet.context.ServletWebServerApplicationContext [restartedMain] Root WebApplicationContext: initialization completed in 1172 ms
2024-04-17 19:50:39,355 INFO org.hibernate.jpa.internal.util.LogHelper [restartedMain] HHH000204: Processing PersistenceUnitInfo [name: default]
2024-04-17 19:50:39,414 INFO org.hibernate.Version [restartedMain] HHH000412: Hibernate ORM core version 6.4.4.Final
2024-04-17 19:50:39,458 INFO org.hibernate.cache.internal.RegionFactoryInitiator [restartedMain] HHH000026: Second-level cache disabled
2024-04-17 19:50:39,660 INFO org.springframework.orm.jpa.persistenceunit.SpringPersistenceUnitInfo [restartedMain] No LoadTimeWeaver setup: ignoring JPA class transformer
2024-04-17 19:50:39,682 INFO com.zaxxer.hikari.HikariDataSource [restartedMain] HikariPool-1 - Starting...
2024-04-17 19:50:39,977 INFO com.zaxxer.hikari.pool.HikariPool [restartedMain] HikariPool-1 - Added connection com.mysql.cj.jdbc.ConnectionImpl@67f93786
2024-04-17 19:50:39,979 INFO com.zaxxer.hikari.HikariDataSource [restartedMain] HikariPool-1 - Start completed.
2024-04-17 19:50:40,272 INFO org.hibernate.engine.transaction.jta.platform.internal.JtaPlatformInitiator [restartedMain] HHH000489: No JTA platform available (set 'hibernate.transaction.jta.platform' to enable JTA platform integration)
2024-04-17 19:50:40,278 INFO org.springframework.orm.jpa.LocalContainerEntityManagerFactoryBean [restartedMain] Initialized JPA EntityManagerFactory for persistence unit 'default'
2024-04-17 19:50:40,325 WARN org.springframework.boot.autoconfigure.orm.jpa.JpaBaseConfiguration$JpaWebConfiguration [restartedMain] spring.jpa.open-in-view is enabled by default. Therefore, database queries may be performed during view rendering. Explicitly configure spring.jpa.open-in-view to disable this warning
2024-04-17 19:50:40,631 WARN org.springframework.boot.autoconfigure.security.servlet.UserDetailsServiceAutoConfiguration [restartedMain] 

Using generated security password: 0ab706a9-020d-4724-a3fe-01c09b8c2204

This generated password is for development use only. Your security configuration must be updated before running your application in production.

2024-04-17 19:50:40,731 INFO org.springframework.security.web.DefaultSecurityFilterChain [restartedMain] Will secure any request with [org.springframework.security.web.session.DisableEncodeUrlFilter@645b0916, org.springframework.security.web.context.request.async.WebAsyncManagerIntegrationFilter@357a7b54, org.springframework.security.web.context.SecurityContextHolderFilter@3fbedd5d, org.springframework.security.web.header.HeaderWriterFilter@7a1f5cc4, org.springframework.web.filter.CorsFilter@3d7c3516, org.springframework.security.web.csrf.CsrfFilter@6a2d84da, org.springframework.security.web.authentication.logout.LogoutFilter@3699f164, org.springframework.security.web.authentication.UsernamePasswordAuthenticationFilter@91d0be9, org.springframework.security.web.authentication.ui.DefaultLoginPageGeneratingFilter@6b73854f, org.springframework.security.web.authentication.ui.DefaultLogoutPageGeneratingFilter@1d99212, org.springframework.security.web.authentication.www.BasicAuthenticationFilter@1060ec22, org.springframework.security.web.savedrequest.RequestCacheAwareFilter@3392b0bc, org.springframework.security.web.servletapi.SecurityContextHolderAwareRequestFilter@fbf377b, org.springframework.security.web.authentication.AnonymousAuthenticationFilter@3d762886, org.springframework.security.web.access.ExceptionTranslationFilter@1812c7bc, org.springframework.security.web.access.intercept.AuthorizationFilter@6f0699f9]
2024-04-17 19:50:40,772 INFO org.springframework.boot.devtools.autoconfigure.OptionalLiveReloadServer [restartedMain] LiveReload server is running on port 35729
2024-04-17 19:50:40,804 INFO org.springframework.boot.web.embedded.tomcat.TomcatWebServer [restartedMain] Tomcat started on port 8080 (http) with context path ''
2024-04-17 19:50:40,811 INFO com.example.securityspring.SecuritySpringApplication [restartedMain] Started SecuritySpringApplication in 3.18 seconds (process running for 4.392)
2024-04-17 19:51:06,993 INFO org.apache.catalina.core.ContainerBase.[Tomcat].[localhost].[/] [http-nio-8080-exec-1] Initializing Spring DispatcherServlet 'dispatcherServlet'
2024-04-17 19:51:06,994 INFO org.springframework.web.servlet.DispatcherServlet [http-nio-8080-exec-1] Initializing Servlet 'dispatcherServlet'
2024-04-17 19:51:06,996 INFO org.springframework.web.servlet.DispatcherServlet [http-nio-8080-exec-1] Completed initialization in 2 ms
2024-04-17 19:54:35,995 INFO org.springframework.orm.jpa.LocalContainerEntityManagerFactoryBean [SpringApplicationShutdownHook] Closing JPA EntityManagerFactory for persistence unit 'default'
2024-04-17 19:54:36,001 INFO com.zaxxer.hikari.HikariDataSource [SpringApplicationShutdownHook] HikariPool-1 - Shutdown initiated...
2024-04-17 19:54:36,012 INFO com.zaxxer.hikari.HikariDataSource [SpringApplicationShutdownHook] HikariPool-1 - Shutdown completed.
2024-04-17 19:54:44,396 INFO com.example.securityspring.SecuritySpringApplication [restartedMain] Starting SecuritySpringApplication using Java 17.0.10 with PID 10952 (C:\Users\01689\IdeaProjects\SecuritySpring\target\classes started by 01689 in C:\Users\01689\IdeaProjects\SecuritySpring)
2024-04-17 19:54:44,399 INFO com.example.securityspring.SecuritySpringApplication [restartedMain] No active profile set, falling back to 1 default profile: "default"
2024-04-17 19:54:44,456 INFO org.springframework.boot.devtools.env.DevToolsPropertyDefaultsPostProcessor [restartedMain] Devtools property defaults active! Set 'spring.devtools.add-properties' to 'false' to disable
2024-04-17 19:54:44,456 INFO org.springframework.boot.devtools.env.DevToolsPropertyDefaultsPostProcessor [restartedMain] For additional web related logging consider setting the 'logging.level.web' property to 'DEBUG'
2024-04-17 19:54:45,467 INFO org.springframework.data.repository.config.RepositoryConfigurationDelegate [restartedMain] Bootstrapping Spring Data JPA repositories in DEFAULT mode.
2024-04-17 19:54:45,487 INFO org.springframework.data.repository.config.RepositoryConfigurationDelegate [restartedMain] Finished Spring Data repository scanning in 11 ms. Found 0 JPA repository interfaces.
2024-04-17 19:54:46,029 INFO org.springframework.boot.web.embedded.tomcat.TomcatWebServer [restartedMain] Tomcat initialized with port 8080 (http)
2024-04-17 19:54:46,039 INFO org.apache.catalina.core.StandardService [restartedMain] Starting service [Tomcat]
2024-04-17 19:54:46,039 INFO org.apache.catalina.core.StandardEngine [restartedMain] Starting Servlet engine: [Apache Tomcat/10.1.19]
2024-04-17 19:54:46,099 INFO org.apache.catalina.core.ContainerBase.[Tomcat].[localhost].[/] [restartedMain] Initializing Spring embedded WebApplicationContext
2024-04-17 19:54:46,099 INFO org.springframework.boot.web.servlet.context.ServletWebServerApplicationContext [restartedMain] Root WebApplicationContext: initialization completed in 1641 ms
2024-04-17 19:54:46,227 INFO org.hibernate.jpa.internal.util.LogHelper [restartedMain] HHH000204: Processing PersistenceUnitInfo [name: default]
2024-04-17 19:54:46,295 INFO org.hibernate.Version [restartedMain] HHH000412: Hibernate ORM core version 6.4.4.Final
2024-04-17 19:54:46,337 INFO org.hibernate.cache.internal.RegionFactoryInitiator [restartedMain] HHH000026: Second-level cache disabled
2024-04-17 19:54:46,537 INFO org.springframework.orm.jpa.persistenceunit.SpringPersistenceUnitInfo [restartedMain] No LoadTimeWeaver setup: ignoring JPA class transformer
2024-04-17 19:54:46,559 INFO com.zaxxer.hikari.HikariDataSource [restartedMain] HikariPool-1 - Starting...
2024-04-17 19:54:46,863 INFO com.zaxxer.hikari.pool.HikariPool [restartedMain] HikariPool-1 - Added connection com.mysql.cj.jdbc.ConnectionImpl@77b2aa39
2024-04-17 19:54:46,865 INFO com.zaxxer.hikari.HikariDataSource [restartedMain] HikariPool-1 - Start completed.
2024-04-17 19:54:47,164 INFO org.hibernate.engine.transaction.jta.platform.internal.JtaPlatformInitiator [restartedMain] HHH000489: No JTA platform available (set 'hibernate.transaction.jta.platform' to enable JTA platform integration)
2024-04-17 19:54:47,170 INFO org.springframework.orm.jpa.LocalContainerEntityManagerFactoryBean [restartedMain] Initialized JPA EntityManagerFactory for persistence unit 'default'
2024-04-17 19:54:47,292 WARN org.springframework.boot.autoconfigure.orm.jpa.JpaBaseConfiguration$JpaWebConfiguration [restartedMain] spring.jpa.open-in-view is enabled by default. Therefore, database queries may be performed during view rendering. Explicitly configure spring.jpa.open-in-view to disable this warning
2024-04-17 19:54:47,699 WARN org.springframework.boot.autoconfigure.security.servlet.UserDetailsServiceAutoConfiguration [restartedMain] 

Using generated security password: 6652b141-205f-41c0-a4c6-3cddfb3371b9

This generated password is for development use only. Your security configuration must be updated before running your application in production.

2024-04-17 19:54:47,795 INFO org.springframework.security.web.DefaultSecurityFilterChain [restartedMain] Will secure any request with [org.springframework.security.web.session.DisableEncodeUrlFilter@48146a3b, org.springframework.security.web.context.request.async.WebAsyncManagerIntegrationFilter@35c212a2, org.springframework.security.web.context.SecurityContextHolderFilter@6febf6fb, org.springframework.security.web.header.HeaderWriterFilter@aa3bd05, org.springframework.web.filter.CorsFilter@4fbf8be7, org.springframework.security.web.csrf.CsrfFilter@f48cb5d, org.springframework.security.web.authentication.logout.LogoutFilter@5e02b092, org.springframework.security.web.authentication.UsernamePasswordAuthenticationFilter@a6f674b, org.springframework.security.web.authentication.ui.DefaultLoginPageGeneratingFilter@6b0f1dec, org.springframework.security.web.authentication.ui.DefaultLogoutPageGeneratingFilter@4f5dc614, org.springframework.security.web.authentication.www.BasicAuthenticationFilter@3697bb13, org.springframework.security.web.savedrequest.RequestCacheAwareFilter@efae7f6, org.springframework.security.web.servletapi.SecurityContextHolderAwareRequestFilter@2d498a61, org.springframework.security.web.authentication.AnonymousAuthenticationFilter@24f33876, org.springframework.security.web.access.ExceptionTranslationFilter@3f9b27ec, org.springframework.security.web.access.intercept.AuthorizationFilter@4361fef7]
2024-04-17 19:54:47,835 INFO org.springframework.boot.devtools.autoconfigure.OptionalLiveReloadServer [restartedMain] LiveReload server is running on port 35729
2024-04-17 19:54:47,868 INFO org.springframework.boot.web.embedded.tomcat.TomcatWebServer [restartedMain] Tomcat started on port 8080 (http) with context path ''
2024-04-17 19:54:47,877 INFO com.example.securityspring.SecuritySpringApplication [restartedMain] Started SecuritySpringApplication in 3.925 seconds (process running for 4.807)
2024-04-17 19:54:56,484 INFO org.apache.catalina.core.ContainerBase.[Tomcat].[localhost].[/] [http-nio-8080-exec-1] Initializing Spring DispatcherServlet 'dispatcherServlet'
2024-04-17 19:54:56,485 INFO org.springframework.web.servlet.DispatcherServlet [http-nio-8080-exec-1] Initializing Servlet 'dispatcherServlet'
2024-04-17 19:54:56,486 INFO org.springframework.web.servlet.DispatcherServlet [http-nio-8080-exec-1] Completed initialization in 1 ms
2024-04-17 19:55:12,283 INFO org.springdoc.api.AbstractOpenApiResource [http-nio-8080-exec-2] Init duration for springdoc-openapi is: 138 ms
2024-04-17 20:32:35,073 INFO org.springframework.orm.jpa.LocalContainerEntityManagerFactoryBean [SpringApplicationShutdownHook] Closing JPA EntityManagerFactory for persistence unit 'default'
2024-04-17 20:32:35,084 INFO com.zaxxer.hikari.HikariDataSource [SpringApplicationShutdownHook] HikariPool-1 - Shutdown initiated...
2024-04-17 20:32:35,091 INFO com.zaxxer.hikari.HikariDataSource [SpringApplicationShutdownHook] HikariPool-1 - Shutdown completed.
2024-04-17 20:32:40,649 INFO com.example.securityspring.SecuritySpringApplication [restartedMain] Starting SecuritySpringApplication using Java 17.0.10 with PID 2460 (C:\Users\01689\IdeaProjects\SecuritySpring\target\classes started by 01689 in C:\Users\01689\IdeaProjects\SecuritySpring)
2024-04-17 20:32:40,651 INFO com.example.securityspring.SecuritySpringApplication [restartedMain] No active profile set, falling back to 1 default profile: "default"
2024-04-17 20:32:40,703 INFO org.springframework.boot.devtools.env.DevToolsPropertyDefaultsPostProcessor [restartedMain] Devtools property defaults active! Set 'spring.devtools.add-properties' to 'false' to disable
2024-04-17 20:32:40,703 INFO org.springframework.boot.devtools.env.DevToolsPropertyDefaultsPostProcessor [restartedMain] For additional web related logging consider setting the 'logging.level.web' property to 'DEBUG'
2024-04-17 20:32:41,500 INFO org.springframework.data.repository.config.RepositoryConfigurationDelegate [restartedMain] Bootstrapping Spring Data JPA repositories in DEFAULT mode.
2024-04-17 20:32:41,517 INFO org.springframework.data.repository.config.RepositoryConfigurationDelegate [restartedMain] Finished Spring Data repository scanning in 10 ms. Found 0 JPA repository interfaces.
2024-04-17 20:32:42,059 INFO org.springframework.boot.web.embedded.tomcat.TomcatWebServer [restartedMain] Tomcat initialized with port 8080 (http)
2024-04-17 20:32:42,070 INFO org.apache.catalina.core.StandardService [restartedMain] Starting service [Tomcat]
2024-04-17 20:32:42,070 INFO org.apache.catalina.core.StandardEngine [restartedMain] Starting Servlet engine: [Apache Tomcat/10.1.19]
2024-04-17 20:32:42,135 INFO org.apache.catalina.core.ContainerBase.[Tomcat].[localhost].[/] [restartedMain] Initializing Spring embedded WebApplicationContext
2024-04-17 20:32:42,135 INFO org.springframework.boot.web.servlet.context.ServletWebServerApplicationContext [restartedMain] Root WebApplicationContext: initialization completed in 1432 ms
2024-04-17 20:32:42,288 INFO org.hibernate.jpa.internal.util.LogHelper [restartedMain] HHH000204: Processing PersistenceUnitInfo [name: default]
2024-04-17 20:32:42,352 INFO org.hibernate.Version [restartedMain] HHH000412: Hibernate ORM core version 6.4.4.Final
2024-04-17 20:32:42,395 INFO org.hibernate.cache.internal.RegionFactoryInitiator [restartedMain] HHH000026: Second-level cache disabled
2024-04-17 20:32:42,577 INFO org.springframework.orm.jpa.persistenceunit.SpringPersistenceUnitInfo [restartedMain] No LoadTimeWeaver setup: ignoring JPA class transformer
2024-04-17 20:32:42,598 INFO com.zaxxer.hikari.HikariDataSource [restartedMain] HikariPool-1 - Starting...
2024-04-17 20:32:42,910 INFO com.zaxxer.hikari.pool.HikariPool [restartedMain] HikariPool-1 - Added connection com.mysql.cj.jdbc.ConnectionImpl@5008c7b7
2024-04-17 20:32:42,912 INFO com.zaxxer.hikari.HikariDataSource [restartedMain] HikariPool-1 - Start completed.
2024-04-17 20:32:43,217 INFO org.hibernate.engine.transaction.jta.platform.internal.JtaPlatformInitiator [restartedMain] HHH000489: No JTA platform available (set 'hibernate.transaction.jta.platform' to enable JTA platform integration)
2024-04-17 20:32:43,223 INFO org.springframework.orm.jpa.LocalContainerEntityManagerFactoryBean [restartedMain] Initialized JPA EntityManagerFactory for persistence unit 'default'
2024-04-17 20:32:43,352 WARN org.springframework.boot.autoconfigure.orm.jpa.JpaBaseConfiguration$JpaWebConfiguration [restartedMain] spring.jpa.open-in-view is enabled by default. Therefore, database queries may be performed during view rendering. Explicitly configure spring.jpa.open-in-view to disable this warning
2024-04-17 20:32:43,893 INFO org.springframework.security.web.DefaultSecurityFilterChain [restartedMain] Will secure any request with [org.springframework.security.web.session.DisableEncodeUrlFilter@3e21b710, org.springframework.security.web.context.request.async.WebAsyncManagerIntegrationFilter@38dd33d, org.springframework.security.web.context.SecurityContextHolderFilter@53c38ea0, org.springframework.security.web.header.HeaderWriterFilter@46f2d3dd, org.springframework.web.filter.CorsFilter@6612a72b, org.springframework.security.web.csrf.CsrfFilter@10f8d49e, org.springframework.security.web.authentication.logout.LogoutFilter@505beaa6, org.springframework.security.web.authentication.UsernamePasswordAuthenticationFilter@3625be9b, org.springframework.security.web.authentication.ui.DefaultLoginPageGeneratingFilter@2b0bd556, org.springframework.security.web.authentication.ui.DefaultLogoutPageGeneratingFilter@179833b3, org.springframework.security.web.authentication.www.BasicAuthenticationFilter@24cbbc29, org.springframework.security.web.savedrequest.RequestCacheAwareFilter@3e766963, org.springframework.security.web.servletapi.SecurityContextHolderAwareRequestFilter@1d8ad4db, org.springframework.security.web.authentication.AnonymousAuthenticationFilter@24b29f67, org.springframework.security.web.access.ExceptionTranslationFilter@12c7cfa0, org.springframework.security.web.access.intercept.AuthorizationFilter@37c8585c]
2024-04-17 20:32:43,928 INFO org.springframework.boot.devtools.autoconfigure.OptionalLiveReloadServer [restartedMain] LiveReload server is running on port 35729
2024-04-17 20:32:43,962 INFO org.springframework.boot.web.embedded.tomcat.TomcatWebServer [restartedMain] Tomcat started on port 8080 (http) with context path ''
2024-04-17 20:32:43,972 INFO com.example.securityspring.SecuritySpringApplication [restartedMain] Started SecuritySpringApplication in 3.752 seconds (process running for 4.807)
2024-04-17 20:32:53,610 INFO org.apache.catalina.core.ContainerBase.[Tomcat].[localhost].[/] [http-nio-8080-exec-1] Initializing Spring DispatcherServlet 'dispatcherServlet'
2024-04-17 20:32:53,610 INFO org.springframework.web.servlet.DispatcherServlet [http-nio-8080-exec-1] Initializing Servlet 'dispatcherServlet'
2024-04-17 20:32:53,611 INFO org.springframework.web.servlet.DispatcherServlet [http-nio-8080-exec-1] Completed initialization in 1 ms
2024-04-17 20:32:53,731 WARN org.springframework.security.crypto.bcrypt.BCryptPasswordEncoder [http-nio-8080-exec-1] Encoded password does not look like BCrypt
2024-04-17 20:33:11,239 WARN org.springframework.security.crypto.bcrypt.BCryptPasswordEncoder [http-nio-8080-exec-3] Encoded password does not look like BCrypt
2024-04-17 20:34:09,341 INFO org.springframework.orm.jpa.LocalContainerEntityManagerFactoryBean [SpringApplicationShutdownHook] Closing JPA EntityManagerFactory for persistence unit 'default'
2024-04-17 20:34:09,347 INFO com.zaxxer.hikari.HikariDataSource [SpringApplicationShutdownHook] HikariPool-1 - Shutdown initiated...
2024-04-17 20:34:09,356 INFO com.zaxxer.hikari.HikariDataSource [SpringApplicationShutdownHook] HikariPool-1 - Shutdown completed.
2024-04-17 20:34:14,709 INFO com.example.securityspring.SecuritySpringApplication [restartedMain] Starting SecuritySpringApplication using Java 17.0.10 with PID 8812 (C:\Users\01689\IdeaProjects\SecuritySpring\target\classes started by 01689 in C:\Users\01689\IdeaProjects\SecuritySpring)
2024-04-17 20:34:14,712 INFO com.example.securityspring.SecuritySpringApplication [restartedMain] No active profile set, falling back to 1 default profile: "default"
2024-04-17 20:34:14,763 INFO org.springframework.boot.devtools.env.DevToolsPropertyDefaultsPostProcessor [restartedMain] Devtools property defaults active! Set 'spring.devtools.add-properties' to 'false' to disable
2024-04-17 20:34:14,763 INFO org.springframework.boot.devtools.env.DevToolsPropertyDefaultsPostProcessor [restartedMain] For additional web related logging consider setting the 'logging.level.web' property to 'DEBUG'
2024-04-17 20:34:15,538 INFO org.springframework.data.repository.config.RepositoryConfigurationDelegate [restartedMain] Bootstrapping Spring Data JPA repositories in DEFAULT mode.
2024-04-17 20:34:15,554 INFO org.springframework.data.repository.config.RepositoryConfigurationDelegate [restartedMain] Finished Spring Data repository scanning in 9 ms. Found 0 JPA repository interfaces.
2024-04-17 20:34:16,047 INFO org.springframework.boot.web.embedded.tomcat.TomcatWebServer [restartedMain] Tomcat initialized with port 8080 (http)
2024-04-17 20:34:16,055 INFO org.apache.catalina.core.StandardService [restartedMain] Starting service [Tomcat]
2024-04-17 20:34:16,055 INFO org.apache.catalina.core.StandardEngine [restartedMain] Starting Servlet engine: [Apache Tomcat/10.1.19]
2024-04-17 20:34:16,107 INFO org.apache.catalina.core.ContainerBase.[Tomcat].[localhost].[/] [restartedMain] Initializing Spring embedded WebApplicationContext
2024-04-17 20:34:16,107 INFO org.springframework.boot.web.servlet.context.ServletWebServerApplicationContext [restartedMain] Root WebApplicationContext: initialization completed in 1343 ms
2024-04-17 20:34:16,259 INFO org.hibernate.jpa.internal.util.LogHelper [restartedMain] HHH000204: Processing PersistenceUnitInfo [name: default]
2024-04-17 20:34:16,305 INFO org.hibernate.Version [restartedMain] HHH000412: Hibernate ORM core version 6.4.4.Final
2024-04-17 20:34:16,347 INFO org.hibernate.cache.internal.RegionFactoryInitiator [restartedMain] HHH000026: Second-level cache disabled
2024-04-17 20:34:16,516 INFO org.springframework.orm.jpa.persistenceunit.SpringPersistenceUnitInfo [restartedMain] No LoadTimeWeaver setup: ignoring JPA class transformer
2024-04-17 20:34:16,536 INFO com.zaxxer.hikari.HikariDataSource [restartedMain] HikariPool-1 - Starting...
2024-04-17 20:34:16,786 INFO com.zaxxer.hikari.pool.HikariPool [restartedMain] HikariPool-1 - Added connection com.mysql.cj.jdbc.ConnectionImpl@66e2b4f2
2024-04-17 20:34:16,788 INFO com.zaxxer.hikari.HikariDataSource [restartedMain] HikariPool-1 - Start completed.
2024-04-17 20:34:17,067 INFO org.hibernate.engine.transaction.jta.platform.internal.JtaPlatformInitiator [restartedMain] HHH000489: No JTA platform available (set 'hibernate.transaction.jta.platform' to enable JTA platform integration)
2024-04-17 20:34:17,072 INFO org.springframework.orm.jpa.LocalContainerEntityManagerFactoryBean [restartedMain] Initialized JPA EntityManagerFactory for persistence unit 'default'
2024-04-17 20:34:17,385 WARN org.springframework.boot.autoconfigure.orm.jpa.JpaBaseConfiguration$JpaWebConfiguration [restartedMain] spring.jpa.open-in-view is enabled by default. Therefore, database queries may be performed during view rendering. Explicitly configure spring.jpa.open-in-view to disable this warning
2024-04-17 20:34:17,876 INFO org.springframework.security.web.DefaultSecurityFilterChain [restartedMain] Will secure any request with [org.springframework.security.web.session.DisableEncodeUrlFilter@43275392, org.springframework.security.web.context.request.async.WebAsyncManagerIntegrationFilter@6c5c3e34, org.springframework.security.web.context.SecurityContextHolderFilter@3a143b2, org.springframework.security.web.header.HeaderWriterFilter@4136e16c, org.springframework.web.filter.CorsFilter@26cca10c, org.springframework.security.web.csrf.CsrfFilter@71655912, org.springframework.security.web.authentication.logout.LogoutFilter@7e66d024, org.springframework.security.web.authentication.UsernamePasswordAuthenticationFilter@7584b2ed, org.springframework.security.web.authentication.ui.DefaultLoginPageGeneratingFilter@1c354e70, org.springframework.security.web.authentication.ui.DefaultLogoutPageGeneratingFilter@1f112d9e, org.springframework.security.web.authentication.www.BasicAuthenticationFilter@6c01aef2, org.springframework.security.web.savedrequest.RequestCacheAwareFilter@1960ffe6, org.springframework.security.web.servletapi.SecurityContextHolderAwareRequestFilter@1f63dc77, org.springframework.security.web.authentication.AnonymousAuthenticationFilter@6653462d, org.springframework.security.web.access.ExceptionTranslationFilter@60c40368, org.springframework.security.web.access.intercept.AuthorizationFilter@3b8ce02b]
2024-04-17 20:34:17,913 INFO org.springframework.boot.devtools.autoconfigure.OptionalLiveReloadServer [restartedMain] LiveReload server is running on port 35729
2024-04-17 20:34:17,947 INFO org.springframework.boot.web.embedded.tomcat.TomcatWebServer [restartedMain] Tomcat started on port 8080 (http) with context path ''
2024-04-17 20:34:17,958 INFO com.example.securityspring.SecuritySpringApplication [restartedMain] Started SecuritySpringApplication in 3.696 seconds (process running for 4.929)
2024-04-17 20:34:20,555 INFO org.apache.catalina.core.ContainerBase.[Tomcat].[localhost].[/] [http-nio-8080-exec-2] Initializing Spring DispatcherServlet 'dispatcherServlet'
2024-04-17 20:34:20,555 INFO org.springframework.web.servlet.DispatcherServlet [http-nio-8080-exec-2] Initializing Servlet 'dispatcherServlet'
2024-04-17 20:34:20,559 INFO org.springframework.web.servlet.DispatcherServlet [http-nio-8080-exec-2] Completed initialization in 4 ms
2024-04-17 20:50:14,594 INFO org.springframework.orm.jpa.LocalContainerEntityManagerFactoryBean [SpringApplicationShutdownHook] Closing JPA EntityManagerFactory for persistence unit 'default'
2024-04-17 20:50:14,599 INFO com.zaxxer.hikari.HikariDataSource [SpringApplicationShutdownHook] HikariPool-1 - Shutdown initiated...
2024-04-17 20:50:14,608 INFO com.zaxxer.hikari.HikariDataSource [SpringApplicationShutdownHook] HikariPool-1 - Shutdown completed.
2024-04-17 20:50:21,654 INFO com.example.securityspring.SecuritySpringApplication [restartedMain] Starting SecuritySpringApplication using Java 17.0.10 with PID 5036 (C:\Users\01689\IdeaProjects\SecuritySpring\target\classes started by 01689 in C:\Users\01689\IdeaProjects\SecuritySpring)
2024-04-17 20:50:21,656 INFO com.example.securityspring.SecuritySpringApplication [restartedMain] No active profile set, falling back to 1 default profile: "default"
2024-04-17 20:50:21,699 INFO org.springframework.boot.devtools.env.DevToolsPropertyDefaultsPostProcessor [restartedMain] Devtools property defaults active! Set 'spring.devtools.add-properties' to 'false' to disable
2024-04-17 20:50:21,699 INFO org.springframework.boot.devtools.env.DevToolsPropertyDefaultsPostProcessor [restartedMain] For additional web related logging consider setting the 'logging.level.web' property to 'DEBUG'
2024-04-17 20:50:22,481 INFO org.springframework.data.repository.config.RepositoryConfigurationDelegate [restartedMain] Bootstrapping Spring Data JPA repositories in DEFAULT mode.
2024-04-17 20:50:22,498 INFO org.springframework.data.repository.config.RepositoryConfigurationDelegate [restartedMain] Finished Spring Data repository scanning in 10 ms. Found 0 JPA repository interfaces.
2024-04-17 20:50:23,011 INFO org.springframework.boot.web.embedded.tomcat.TomcatWebServer [restartedMain] Tomcat initialized with port 8080 (http)
2024-04-17 20:50:23,019 INFO org.apache.catalina.core.StandardService [restartedMain] Starting service [Tomcat]
2024-04-17 20:50:23,020 INFO org.apache.catalina.core.StandardEngine [restartedMain] Starting Servlet engine: [Apache Tomcat/10.1.19]
2024-04-17 20:50:23,075 INFO org.apache.catalina.core.ContainerBase.[Tomcat].[localhost].[/] [restartedMain] Initializing Spring embedded WebApplicationContext
2024-04-17 20:50:23,075 INFO org.springframework.boot.web.servlet.context.ServletWebServerApplicationContext [restartedMain] Root WebApplicationContext: initialization completed in 1375 ms
2024-04-17 20:50:23,226 INFO org.hibernate.jpa.internal.util.LogHelper [restartedMain] HHH000204: Processing PersistenceUnitInfo [name: default]
2024-04-17 20:50:23,284 INFO org.hibernate.Version [restartedMain] HHH000412: Hibernate ORM core version 6.4.4.Final
2024-04-17 20:50:23,320 INFO org.hibernate.cache.internal.RegionFactoryInitiator [restartedMain] HHH000026: Second-level cache disabled
2024-04-17 20:50:23,487 INFO org.springframework.orm.jpa.persistenceunit.SpringPersistenceUnitInfo [restartedMain] No LoadTimeWeaver setup: ignoring JPA class transformer
2024-04-17 20:50:23,506 INFO com.zaxxer.hikari.HikariDataSource [restartedMain] HikariPool-1 - Starting...
2024-04-17 20:50:23,747 INFO com.zaxxer.hikari.pool.HikariPool [restartedMain] HikariPool-1 - Added connection com.mysql.cj.jdbc.ConnectionImpl@45cf21d2
2024-04-17 20:50:23,749 INFO com.zaxxer.hikari.HikariDataSource [restartedMain] HikariPool-1 - Start completed.
2024-04-17 20:50:24,018 INFO org.hibernate.engine.transaction.jta.platform.internal.JtaPlatformInitiator [restartedMain] HHH000489: No JTA platform available (set 'hibernate.transaction.jta.platform' to enable JTA platform integration)
2024-04-17 20:50:24,024 INFO org.springframework.orm.jpa.LocalContainerEntityManagerFactoryBean [restartedMain] Initialized JPA EntityManagerFactory for persistence unit 'default'
2024-04-17 20:50:24,339 WARN org.springframework.boot.autoconfigure.orm.jpa.JpaBaseConfiguration$JpaWebConfiguration [restartedMain] spring.jpa.open-in-view is enabled by default. Therefore, database queries may be performed during view rendering. Explicitly configure spring.jpa.open-in-view to disable this warning
2024-04-17 20:50:24,836 INFO org.springframework.security.web.DefaultSecurityFilterChain [restartedMain] Will secure any request with [org.springframework.security.web.session.DisableEncodeUrlFilter@3b943821, org.springframework.security.web.context.request.async.WebAsyncManagerIntegrationFilter@47e71f96, org.springframework.security.web.context.SecurityContextHolderFilter@784113c3, org.springframework.security.web.header.HeaderWriterFilter@571e56ca, org.springframework.web.filter.CorsFilter@4bf4f85e, org.springframework.security.web.csrf.CsrfFilter@2bf1b6b8, org.springframework.security.web.authentication.logout.LogoutFilter@29f4f820, org.springframework.security.web.authentication.UsernamePasswordAuthenticationFilter@707f9d37, org.springframework.security.web.authentication.ui.DefaultLoginPageGeneratingFilter@6e501c34, org.springframework.security.web.authentication.ui.DefaultLogoutPageGeneratingFilter@1754def3, org.springframework.security.web.authentication.www.BasicAuthenticationFilter@40167500, org.springframework.security.web.savedrequest.RequestCacheAwareFilter@28da1fa0, org.springframework.security.web.servletapi.SecurityContextHolderAwareRequestFilter@5190e79c, org.springframework.security.web.authentication.AnonymousAuthenticationFilter@d9bb908, org.springframework.security.web.access.ExceptionTranslationFilter@2578a20a, org.springframework.security.web.access.intercept.AuthorizationFilter@2cd5be3d]
2024-04-17 20:50:24,879 INFO org.springframework.boot.devtools.autoconfigure.OptionalLiveReloadServer [restartedMain] LiveReload server is running on port 35729
2024-04-17 20:50:24,915 INFO org.springframework.boot.web.embedded.tomcat.TomcatWebServer [restartedMain] Tomcat started on port 8080 (http) with context path ''
2024-04-17 20:50:24,924 INFO com.example.securityspring.SecuritySpringApplication [restartedMain] Started SecuritySpringApplication in 3.843 seconds (process running for 4.93)
2024-04-17 20:50:26,822 INFO org.apache.catalina.core.ContainerBase.[Tomcat].[localhost].[/] [http-nio-8080-exec-1] Initializing Spring DispatcherServlet 'dispatcherServlet'
2024-04-17 20:50:26,822 INFO org.springframework.web.servlet.DispatcherServlet [http-nio-8080-exec-1] Initializing Servlet 'dispatcherServlet'
2024-04-17 20:50:26,823 INFO org.springframework.web.servlet.DispatcherServlet [http-nio-8080-exec-1] Completed initialization in 1 ms
2024-04-17 20:50:27,039 WARN org.springframework.web.servlet.mvc.support.DefaultHandlerExceptionResolver [http-nio-8080-exec-1] Resolved [org.springframework.web.HttpRequestMethodNotSupportedException: Request method 'GET' is not supported]
2024-04-17 20:50:30,717 WARN org.springframework.web.servlet.mvc.support.DefaultHandlerExceptionResolver [http-nio-8080-exec-3] Resolved [org.springframework.web.HttpRequestMethodNotSupportedException: Request method 'GET' is not supported]
2024-04-17 20:50:56,341 INFO org.springframework.orm.jpa.LocalContainerEntityManagerFactoryBean [SpringApplicationShutdownHook] Closing JPA EntityManagerFactory for persistence unit 'default'
2024-04-17 20:50:56,344 INFO com.zaxxer.hikari.HikariDataSource [SpringApplicationShutdownHook] HikariPool-1 - Shutdown initiated...
2024-04-17 20:50:56,351 INFO com.zaxxer.hikari.HikariDataSource [SpringApplicationShutdownHook] HikariPool-1 - Shutdown completed.
2024-04-17 20:51:00,772 INFO com.example.securityspring.SecuritySpringApplication [restartedMain] Starting SecuritySpringApplication using Java 17.0.10 with PID 7756 (C:\Users\01689\IdeaProjects\SecuritySpring\target\classes started by 01689 in C:\Users\01689\IdeaProjects\SecuritySpring)
2024-04-17 20:51:00,775 INFO com.example.securityspring.SecuritySpringApplication [restartedMain] No active profile set, falling back to 1 default profile: "default"
2024-04-17 20:51:00,816 INFO org.springframework.boot.devtools.env.DevToolsPropertyDefaultsPostProcessor [restartedMain] Devtools property defaults active! Set 'spring.devtools.add-properties' to 'false' to disable
2024-04-17 20:51:00,816 INFO org.springframework.boot.devtools.env.DevToolsPropertyDefaultsPostProcessor [restartedMain] For additional web related logging consider setting the 'logging.level.web' property to 'DEBUG'
2024-04-17 20:51:01,519 INFO org.springframework.data.repository.config.RepositoryConfigurationDelegate [restartedMain] Bootstrapping Spring Data JPA repositories in DEFAULT mode.
2024-04-17 20:51:01,539 INFO org.springframework.data.repository.config.RepositoryConfigurationDelegate [restartedMain] Finished Spring Data repository scanning in 11 ms. Found 0 JPA repository interfaces.
2024-04-17 20:51:02,068 INFO org.springframework.boot.web.embedded.tomcat.TomcatWebServer [restartedMain] Tomcat initialized with port 8080 (http)
2024-04-17 20:51:02,076 INFO org.apache.catalina.core.StandardService [restartedMain] Starting service [Tomcat]
2024-04-17 20:51:02,076 INFO org.apache.catalina.core.StandardEngine [restartedMain] Starting Servlet engine: [Apache Tomcat/10.1.19]
2024-04-17 20:51:02,124 INFO org.apache.catalina.core.ContainerBase.[Tomcat].[localhost].[/] [restartedMain] Initializing Spring embedded WebApplicationContext
2024-04-17 20:51:02,125 INFO org.springframework.boot.web.servlet.context.ServletWebServerApplicationContext [restartedMain] Root WebApplicationContext: initialization completed in 1308 ms
2024-04-17 20:51:02,258 INFO org.hibernate.jpa.internal.util.LogHelper [restartedMain] HHH000204: Processing PersistenceUnitInfo [name: default]
2024-04-17 20:51:02,302 INFO org.hibernate.Version [restartedMain] HHH000412: Hibernate ORM core version 6.4.4.Final
2024-04-17 20:51:02,332 INFO org.hibernate.cache.internal.RegionFactoryInitiator [restartedMain] HHH000026: Second-level cache disabled
2024-04-17 20:51:02,492 INFO org.springframework.orm.jpa.persistenceunit.SpringPersistenceUnitInfo [restartedMain] No LoadTimeWeaver setup: ignoring JPA class transformer
2024-04-17 20:51:02,512 INFO com.zaxxer.hikari.HikariDataSource [restartedMain] HikariPool-1 - Starting...
2024-04-17 20:51:02,742 INFO com.zaxxer.hikari.pool.HikariPool [restartedMain] HikariPool-1 - Added connection com.mysql.cj.jdbc.ConnectionImpl@45fa2202
2024-04-17 20:51:02,744 INFO com.zaxxer.hikari.HikariDataSource [restartedMain] HikariPool-1 - Start completed.
2024-04-17 20:51:03,003 INFO org.hibernate.engine.transaction.jta.platform.internal.JtaPlatformInitiator [restartedMain] HHH000489: No JTA platform available (set 'hibernate.transaction.jta.platform' to enable JTA platform integration)
2024-04-17 20:51:03,009 INFO org.springframework.orm.jpa.LocalContainerEntityManagerFactoryBean [restartedMain] Initialized JPA EntityManagerFactory for persistence unit 'default'
2024-04-17 20:51:03,323 WARN org.springframework.boot.autoconfigure.orm.jpa.JpaBaseConfiguration$JpaWebConfiguration [restartedMain] spring.jpa.open-in-view is enabled by default. Therefore, database queries may be performed during view rendering. Explicitly configure spring.jpa.open-in-view to disable this warning
2024-04-17 20:51:03,772 INFO org.springframework.security.web.DefaultSecurityFilterChain [restartedMain] Will secure any request with [org.springframework.security.web.session.DisableEncodeUrlFilter@53b4ec39, org.springframework.security.web.context.request.async.WebAsyncManagerIntegrationFilter@7664d3f3, org.springframework.security.web.context.SecurityContextHolderFilter@2299d7dd, org.springframework.security.web.header.HeaderWriterFilter@17e21302, org.springframework.web.filter.CorsFilter@18fb6d19, org.springframework.security.web.csrf.CsrfFilter@6c96d4e1, org.springframework.security.web.authentication.logout.LogoutFilter@5f5d4afc, org.springframework.security.web.authentication.UsernamePasswordAuthenticationFilter@2d0db6b8, org.springframework.security.web.authentication.ui.DefaultLoginPageGeneratingFilter@3006eada, org.springframework.security.web.authentication.ui.DefaultLogoutPageGeneratingFilter@fc5ba29, org.springframework.security.web.authentication.www.BasicAuthenticationFilter@3840a0b2, org.springframework.security.web.savedrequest.RequestCacheAwareFilter@759a8a8f, org.springframework.security.web.servletapi.SecurityContextHolderAwareRequestFilter@1192ed7b, org.springframework.security.web.authentication.AnonymousAuthenticationFilter@7be45acc, org.springframework.security.web.access.ExceptionTranslationFilter@47522c0c, org.springframework.security.web.access.intercept.AuthorizationFilter@6dd464b1]
2024-04-17 20:51:03,809 INFO org.springframework.boot.devtools.autoconfigure.OptionalLiveReloadServer [restartedMain] LiveReload server is running on port 35729
2024-04-17 20:51:03,840 INFO org.springframework.boot.web.embedded.tomcat.TomcatWebServer [restartedMain] Tomcat started on port 8080 (http) with context path ''
2024-04-17 20:51:03,849 INFO com.example.securityspring.SecuritySpringApplication [restartedMain] Started SecuritySpringApplication in 3.45 seconds (process running for 4.111)
2024-04-17 20:54:41,299 INFO org.springframework.orm.jpa.LocalContainerEntityManagerFactoryBean [SpringApplicationShutdownHook] Closing JPA EntityManagerFactory for persistence unit 'default'
2024-04-17 20:54:41,303 INFO com.zaxxer.hikari.HikariDataSource [SpringApplicationShutdownHook] HikariPool-1 - Shutdown initiated...
2024-04-17 20:54:41,308 INFO com.zaxxer.hikari.HikariDataSource [SpringApplicationShutdownHook] HikariPool-1 - Shutdown completed.
2024-04-17 20:55:06,640 INFO com.example.securityspring.SecuritySpringApplication [restartedMain] Starting SecuritySpringApplication using Java 17.0.10 with PID 6272 (C:\Users\01689\IdeaProjects\SecuritySpring\target\classes started by 01689 in C:\Users\01689\IdeaProjects\SecuritySpring)
2024-04-17 20:55:06,642 INFO com.example.securityspring.SecuritySpringApplication [restartedMain] No active profile set, falling back to 1 default profile: "default"
2024-04-17 20:55:06,688 INFO org.springframework.boot.devtools.env.DevToolsPropertyDefaultsPostProcessor [restartedMain] Devtools property defaults active! Set 'spring.devtools.add-properties' to 'false' to disable
2024-04-17 20:55:06,688 INFO org.springframework.boot.devtools.env.DevToolsPropertyDefaultsPostProcessor [restartedMain] For additional web related logging consider setting the 'logging.level.web' property to 'DEBUG'
2024-04-17 20:55:07,403 INFO org.springframework.data.repository.config.RepositoryConfigurationDelegate [restartedMain] Bootstrapping Spring Data JPA repositories in DEFAULT mode.
2024-04-17 20:55:07,420 INFO org.springframework.data.repository.config.RepositoryConfigurationDelegate [restartedMain] Finished Spring Data repository scanning in 10 ms. Found 0 JPA repository interfaces.
2024-04-17 20:55:07,896 INFO org.springframework.boot.web.embedded.tomcat.TomcatWebServer [restartedMain] Tomcat initialized with port 8080 (http)
2024-04-17 20:55:07,904 INFO org.apache.catalina.core.StandardService [restartedMain] Starting service [Tomcat]
2024-04-17 20:55:07,904 INFO org.apache.catalina.core.StandardEngine [restartedMain] Starting Servlet engine: [Apache Tomcat/10.1.19]
2024-04-17 20:55:07,953 INFO org.apache.catalina.core.ContainerBase.[Tomcat].[localhost].[/] [restartedMain] Initializing Spring embedded WebApplicationContext
2024-04-17 20:55:07,953 INFO org.springframework.boot.web.servlet.context.ServletWebServerApplicationContext [restartedMain] Root WebApplicationContext: initialization completed in 1265 ms
2024-04-17 20:55:08,078 INFO org.hibernate.jpa.internal.util.LogHelper [restartedMain] HHH000204: Processing PersistenceUnitInfo [name: default]
2024-04-17 20:55:08,123 INFO org.hibernate.Version [restartedMain] HHH000412: Hibernate ORM core version 6.4.4.Final
2024-04-17 20:55:08,157 INFO org.hibernate.cache.internal.RegionFactoryInitiator [restartedMain] HHH000026: Second-level cache disabled
2024-04-17 20:55:08,316 INFO org.springframework.orm.jpa.persistenceunit.SpringPersistenceUnitInfo [restartedMain] No LoadTimeWeaver setup: ignoring JPA class transformer
2024-04-17 20:55:08,335 INFO com.zaxxer.hikari.HikariDataSource [restartedMain] HikariPool-1 - Starting...
2024-04-17 20:55:08,569 INFO com.zaxxer.hikari.pool.HikariPool [restartedMain] HikariPool-1 - Added connection com.mysql.cj.jdbc.ConnectionImpl@4c372d12
2024-04-17 20:55:08,571 INFO com.zaxxer.hikari.HikariDataSource [restartedMain] HikariPool-1 - Start completed.
2024-04-17 20:55:08,833 INFO org.hibernate.engine.transaction.jta.platform.internal.JtaPlatformInitiator [restartedMain] HHH000489: No JTA platform available (set 'hibernate.transaction.jta.platform' to enable JTA platform integration)
2024-04-17 20:55:08,839 INFO org.springframework.orm.jpa.LocalContainerEntityManagerFactoryBean [restartedMain] Initialized JPA EntityManagerFactory for persistence unit 'default'
2024-04-17 20:55:09,127 WARN org.springframework.boot.autoconfigure.orm.jpa.JpaBaseConfiguration$JpaWebConfiguration [restartedMain] spring.jpa.open-in-view is enabled by default. Therefore, database queries may be performed during view rendering. Explicitly configure spring.jpa.open-in-view to disable this warning
2024-04-17 20:55:09,397 INFO org.springframework.security.web.DefaultSecurityFilterChain [restartedMain] Will secure any request with [org.springframework.security.web.session.DisableEncodeUrlFilter@7beda031, org.springframework.security.web.context.request.async.WebAsyncManagerIntegrationFilter@545c3420, org.springframework.security.web.context.SecurityContextHolderFilter@15c54006, org.springframework.security.web.header.HeaderWriterFilter@2a5f9c92, org.springframework.web.filter.CorsFilter@18187312, org.springframework.security.web.authentication.logout.LogoutFilter@140055e6, org.springframework.security.web.authentication.www.BasicAuthenticationFilter@71aed672, org.springframework.security.web.savedrequest.RequestCacheAwareFilter@44054ab1, org.springframework.security.web.servletapi.SecurityContextHolderAwareRequestFilter@49e7d92c, org.springframework.security.web.authentication.AnonymousAuthenticationFilter@1f6be112, org.springframework.security.web.access.ExceptionTranslationFilter@752a6cec]
2024-04-17 20:55:09,638 INFO org.springframework.boot.devtools.autoconfigure.OptionalLiveReloadServer [restartedMain] LiveReload server is running on port 35729
2024-04-17 20:55:09,675 INFO org.springframework.boot.web.embedded.tomcat.TomcatWebServer [restartedMain] Tomcat started on port 8080 (http) with context path ''
2024-04-17 20:55:09,684 INFO com.example.securityspring.SecuritySpringApplication [restartedMain] Started SecuritySpringApplication in 3.417 seconds (process running for 4.09)
2024-04-17 20:55:16,443 INFO org.apache.catalina.core.ContainerBase.[Tomcat].[localhost].[/] [http-nio-8080-exec-2] Initializing Spring DispatcherServlet 'dispatcherServlet'
2024-04-17 20:55:16,443 INFO org.springframework.web.servlet.DispatcherServlet [http-nio-8080-exec-2] Initializing Servlet 'dispatcherServlet'
2024-04-17 20:55:16,444 INFO org.springframework.web.servlet.DispatcherServlet [http-nio-8080-exec-2] Completed initialization in 1 ms
2024-04-17 20:55:16,650 WARN org.springframework.web.servlet.mvc.support.DefaultHandlerExceptionResolver [http-nio-8080-exec-2] Resolved [org.springframework.web.HttpRequestMethodNotSupportedException: Request method 'GET' is not supported]
2024-04-17 21:03:52,037 INFO org.springframework.orm.jpa.LocalContainerEntityManagerFactoryBean [SpringApplicationShutdownHook] Closing JPA EntityManagerFactory for persistence unit 'default'
2024-04-17 21:03:52,040 INFO com.zaxxer.hikari.HikariDataSource [SpringApplicationShutdownHook] HikariPool-1 - Shutdown initiated...
2024-04-17 21:03:52,049 INFO com.zaxxer.hikari.HikariDataSource [SpringApplicationShutdownHook] HikariPool-1 - Shutdown completed.
2024-04-17 21:03:57,369 INFO com.example.securityspring.SecuritySpringApplication [restartedMain] Starting SecuritySpringApplication using Java 17.0.10 with PID 15444 (C:\Users\01689\IdeaProjects\SecuritySpring\target\classes started by 01689 in C:\Users\01689\IdeaProjects\SecuritySpring)
2024-04-17 21:03:57,372 INFO com.example.securityspring.SecuritySpringApplication [restartedMain] No active profile set, falling back to 1 default profile: "default"
2024-04-17 21:03:57,428 INFO org.springframework.boot.devtools.env.DevToolsPropertyDefaultsPostProcessor [restartedMain] Devtools property defaults active! Set 'spring.devtools.add-properties' to 'false' to disable
2024-04-17 21:03:57,428 INFO org.springframework.boot.devtools.env.DevToolsPropertyDefaultsPostProcessor [restartedMain] For additional web related logging consider setting the 'logging.level.web' property to 'DEBUG'
2024-04-17 21:03:58,421 INFO org.springframework.data.repository.config.RepositoryConfigurationDelegate [restartedMain] Bootstrapping Spring Data JPA repositories in DEFAULT mode.
2024-04-17 21:03:58,439 INFO org.springframework.data.repository.config.RepositoryConfigurationDelegate [restartedMain] Finished Spring Data repository scanning in 10 ms. Found 0 JPA repository interfaces.
2024-04-17 21:03:58,954 INFO org.springframework.boot.web.embedded.tomcat.TomcatWebServer [restartedMain] Tomcat initialized with port 8080 (http)
2024-04-17 21:03:58,963 INFO org.apache.catalina.core.StandardService [restartedMain] Starting service [Tomcat]
2024-04-17 21:03:58,964 INFO org.apache.catalina.core.StandardEngine [restartedMain] Starting Servlet engine: [Apache Tomcat/10.1.19]
2024-04-17 21:03:59,016 INFO org.apache.catalina.core.ContainerBase.[Tomcat].[localhost].[/] [restartedMain] Initializing Spring embedded WebApplicationContext
2024-04-17 21:03:59,017 INFO org.springframework.boot.web.servlet.context.ServletWebServerApplicationContext [restartedMain] Root WebApplicationContext: initialization completed in 1587 ms
2024-04-17 21:03:59,238 INFO org.hibernate.jpa.internal.util.LogHelper [restartedMain] HHH000204: Processing PersistenceUnitInfo [name: default]
2024-04-17 21:03:59,287 INFO org.hibernate.Version [restartedMain] HHH000412: Hibernate ORM core version 6.4.4.Final
2024-04-17 21:03:59,324 INFO org.hibernate.cache.internal.RegionFactoryInitiator [restartedMain] HHH000026: Second-level cache disabled
2024-04-17 21:03:59,490 INFO org.springframework.orm.jpa.persistenceunit.SpringPersistenceUnitInfo [restartedMain] No LoadTimeWeaver setup: ignoring JPA class transformer
2024-04-17 21:03:59,514 INFO com.zaxxer.hikari.HikariDataSource [restartedMain] HikariPool-1 - Starting...
2024-04-17 21:03:59,775 INFO com.zaxxer.hikari.pool.HikariPool [restartedMain] HikariPool-1 - Added connection com.mysql.cj.jdbc.ConnectionImpl@2508d10b
2024-04-17 21:03:59,778 INFO com.zaxxer.hikari.HikariDataSource [restartedMain] HikariPool-1 - Start completed.
2024-04-17 21:04:00,082 INFO org.hibernate.engine.transaction.jta.platform.internal.JtaPlatformInitiator [restartedMain] HHH000489: No JTA platform available (set 'hibernate.transaction.jta.platform' to enable JTA platform integration)
2024-04-17 21:04:00,086 INFO org.springframework.orm.jpa.LocalContainerEntityManagerFactoryBean [restartedMain] Initialized JPA EntityManagerFactory for persistence unit 'default'
2024-04-17 21:04:00,397 WARN org.springframework.boot.autoconfigure.orm.jpa.JpaBaseConfiguration$JpaWebConfiguration [restartedMain] spring.jpa.open-in-view is enabled by default. Therefore, database queries may be performed during view rendering. Explicitly configure spring.jpa.open-in-view to disable this warning
2024-04-17 21:04:00,692 INFO org.springframework.security.web.DefaultSecurityFilterChain [restartedMain] Will secure any request with [org.springframework.security.web.session.DisableEncodeUrlFilter@6b8583f9, org.springframework.security.web.context.request.async.WebAsyncManagerIntegrationFilter@73a3fdf7, org.springframework.security.web.context.SecurityContextHolderFilter@1287e803, org.springframework.security.web.header.HeaderWriterFilter@4f8f11c2, org.springframework.web.filter.CorsFilter@19613184, org.springframework.security.web.authentication.logout.LogoutFilter@50dab9cf, org.springframework.security.web.authentication.www.BasicAuthenticationFilter@17f8f4fb, org.springframework.security.web.savedrequest.RequestCacheAwareFilter@3e9dd9c7, org.springframework.security.web.servletapi.SecurityContextHolderAwareRequestFilter@421e389d, org.springframework.security.web.authentication.AnonymousAuthenticationFilter@1a238a12, org.springframework.security.web.access.ExceptionTranslationFilter@4b750057, org.springframework.security.web.access.intercept.AuthorizationFilter@36c555b9]
2024-04-17 21:04:00,970 INFO org.springframework.boot.devtools.autoconfigure.OptionalLiveReloadServer [restartedMain] LiveReload server is running on port 35729
2024-04-17 21:04:01,006 INFO org.springframework.boot.web.embedded.tomcat.TomcatWebServer [restartedMain] Tomcat started on port 8080 (http) with context path ''
2024-04-17 21:04:01,018 INFO com.example.securityspring.SecuritySpringApplication [restartedMain] Started SecuritySpringApplication in 4.075 seconds (process running for 4.799)
2024-04-17 21:04:03,626 INFO org.apache.catalina.core.ContainerBase.[Tomcat].[localhost].[/] [http-nio-8080-exec-3] Initializing Spring DispatcherServlet 'dispatcherServlet'
2024-04-17 21:04:03,626 INFO org.springframework.web.servlet.DispatcherServlet [http-nio-8080-exec-3] Initializing Servlet 'dispatcherServlet'
2024-04-17 21:04:03,628 INFO org.springframework.web.servlet.DispatcherServlet [http-nio-8080-exec-3] Completed initialization in 2 ms
2024-04-17 21:04:13,742 WARN org.springframework.web.servlet.mvc.support.DefaultHandlerExceptionResolver [http-nio-8080-exec-2] Resolved [org.springframework.web.HttpRequestMethodNotSupportedException: Request method 'GET' is not supported]
2024-04-17 21:05:43,975 INFO org.springframework.orm.jpa.LocalContainerEntityManagerFactoryBean [SpringApplicationShutdownHook] Closing JPA EntityManagerFactory for persistence unit 'default'
2024-04-17 21:05:43,979 INFO com.zaxxer.hikari.HikariDataSource [SpringApplicationShutdownHook] HikariPool-1 - Shutdown initiated...
2024-04-17 21:05:43,986 INFO com.zaxxer.hikari.HikariDataSource [SpringApplicationShutdownHook] HikariPool-1 - Shutdown completed.
2024-04-17 21:05:49,570 INFO com.example.securityspring.SecuritySpringApplication [restartedMain] Starting SecuritySpringApplication using Java 17.0.10 with PID 13504 (C:\Users\01689\IdeaProjects\SecuritySpring\target\classes started by 01689 in C:\Users\01689\IdeaProjects\SecuritySpring)
2024-04-17 21:05:49,573 INFO com.example.securityspring.SecuritySpringApplication [restartedMain] No active profile set, falling back to 1 default profile: "default"
2024-04-17 21:05:49,656 INFO org.springframework.boot.devtools.env.DevToolsPropertyDefaultsPostProcessor [restartedMain] Devtools property defaults active! Set 'spring.devtools.add-properties' to 'false' to disable
2024-04-17 21:05:49,657 INFO org.springframework.boot.devtools.env.DevToolsPropertyDefaultsPostProcessor [restartedMain] For additional web related logging consider setting the 'logging.level.web' property to 'DEBUG'
2024-04-17 21:05:50,499 INFO org.springframework.data.repository.config.RepositoryConfigurationDelegate [restartedMain] Bootstrapping Spring Data JPA repositories in DEFAULT mode.
2024-04-17 21:05:50,520 INFO org.springframework.data.repository.config.RepositoryConfigurationDelegate [restartedMain] Finished Spring Data repository scanning in 13 ms. Found 0 JPA repository interfaces.
2024-04-17 21:05:51,085 INFO org.springframework.boot.web.embedded.tomcat.TomcatWebServer [restartedMain] Tomcat initialized with port 8080 (http)
2024-04-17 21:05:51,096 INFO org.apache.catalina.core.StandardService [restartedMain] Starting service [Tomcat]
2024-04-17 21:05:51,096 INFO org.apache.catalina.core.StandardEngine [restartedMain] Starting Servlet engine: [Apache Tomcat/10.1.19]
2024-04-17 21:05:51,154 INFO org.apache.catalina.core.ContainerBase.[Tomcat].[localhost].[/] [restartedMain] Initializing Spring embedded WebApplicationContext
2024-04-17 21:05:51,155 INFO org.springframework.boot.web.servlet.context.ServletWebServerApplicationContext [restartedMain] Root WebApplicationContext: initialization completed in 1497 ms
2024-04-17 21:05:51,324 INFO org.hibernate.jpa.internal.util.LogHelper [restartedMain] HHH000204: Processing PersistenceUnitInfo [name: default]
2024-04-17 21:05:51,388 INFO org.hibernate.Version [restartedMain] HHH000412: Hibernate ORM core version 6.4.4.Final
2024-04-17 21:05:51,431 INFO org.hibernate.cache.internal.RegionFactoryInitiator [restartedMain] HHH000026: Second-level cache disabled
2024-04-17 21:05:51,594 INFO org.springframework.orm.jpa.persistenceunit.SpringPersistenceUnitInfo [restartedMain] No LoadTimeWeaver setup: ignoring JPA class transformer
2024-04-17 21:05:51,613 INFO com.zaxxer.hikari.HikariDataSource [restartedMain] HikariPool-1 - Starting...
2024-04-17 21:05:51,872 INFO com.zaxxer.hikari.pool.HikariPool [restartedMain] HikariPool-1 - Added connection com.mysql.cj.jdbc.ConnectionImpl@515cfb50
2024-04-17 21:05:51,874 INFO com.zaxxer.hikari.HikariDataSource [restartedMain] HikariPool-1 - Start completed.
2024-04-17 21:05:52,149 INFO org.hibernate.engine.transaction.jta.platform.internal.JtaPlatformInitiator [restartedMain] HHH000489: No JTA platform available (set 'hibernate.transaction.jta.platform' to enable JTA platform integration)
2024-04-17 21:05:52,154 INFO org.springframework.orm.jpa.LocalContainerEntityManagerFactoryBean [restartedMain] Initialized JPA EntityManagerFactory for persistence unit 'default'
2024-04-17 21:05:52,563 WARN org.springframework.boot.autoconfigure.orm.jpa.JpaBaseConfiguration$JpaWebConfiguration [restartedMain] spring.jpa.open-in-view is enabled by default. Therefore, database queries may be performed during view rendering. Explicitly configure spring.jpa.open-in-view to disable this warning
2024-04-17 21:05:52,836 INFO org.springframework.security.web.DefaultSecurityFilterChain [restartedMain] Will secure any request with [org.springframework.security.web.session.DisableEncodeUrlFilter@21355b3, org.springframework.security.web.context.request.async.WebAsyncManagerIntegrationFilter@363b927d, org.springframework.security.web.context.SecurityContextHolderFilter@4f8f11c2, org.springframework.security.web.header.HeaderWriterFilter@77b473e9, org.springframework.web.filter.CorsFilter@58cb7153, org.springframework.security.web.authentication.logout.LogoutFilter@6feef983, org.springframework.security.web.authentication.www.BasicAuthenticationFilter@169b08, org.springframework.security.web.savedrequest.RequestCacheAwareFilter@60339990, org.springframework.security.web.servletapi.SecurityContextHolderAwareRequestFilter@1287e803, org.springframework.security.web.authentication.AnonymousAuthenticationFilter@6b8583f9, org.springframework.security.web.access.ExceptionTranslationFilter@25032fc7, org.springframework.security.web.access.intercept.AuthorizationFilter@349abadd]
2024-04-17 21:05:53,112 INFO org.springframework.boot.devtools.autoconfigure.OptionalLiveReloadServer [restartedMain] LiveReload server is running on port 35729
2024-04-17 21:05:53,151 INFO org.springframework.boot.web.embedded.tomcat.TomcatWebServer [restartedMain] Tomcat started on port 8080 (http) with context path ''
2024-04-17 21:05:53,161 INFO com.example.securityspring.SecuritySpringApplication [restartedMain] Started SecuritySpringApplication in 4.073 seconds (process running for 4.729)
2024-04-17 21:06:02,274 INFO org.apache.catalina.core.ContainerBase.[Tomcat].[localhost].[/] [http-nio-8080-exec-1] Initializing Spring DispatcherServlet 'dispatcherServlet'
2024-04-17 21:06:02,274 INFO org.springframework.web.servlet.DispatcherServlet [http-nio-8080-exec-1] Initializing Servlet 'dispatcherServlet'
2024-04-17 21:06:02,276 INFO org.springframework.web.servlet.DispatcherServlet [http-nio-8080-exec-1] Completed initialization in 2 ms
2024-04-17 21:06:02,512 WARN org.springframework.web.servlet.mvc.support.DefaultHandlerExceptionResolver [http-nio-8080-exec-1] Resolved [org.springframework.web.HttpRequestMethodNotSupportedException: Request method 'GET' is not supported]
2024-04-17 21:07:36,777 INFO org.springframework.orm.jpa.LocalContainerEntityManagerFactoryBean [SpringApplicationShutdownHook] Closing JPA EntityManagerFactory for persistence unit 'default'
2024-04-17 21:07:36,779 INFO com.zaxxer.hikari.HikariDataSource [SpringApplicationShutdownHook] HikariPool-1 - Shutdown initiated...
2024-04-17 21:07:36,786 INFO com.zaxxer.hikari.HikariDataSource [SpringApplicationShutdownHook] HikariPool-1 - Shutdown completed.
2024-04-17 21:07:41,753 INFO com.example.securityspring.SecuritySpringApplication [restartedMain] Starting SecuritySpringApplication using Java 17.0.10 with PID 15520 (C:\Users\01689\IdeaProjects\SecuritySpring\target\classes started by 01689 in C:\Users\01689\IdeaProjects\SecuritySpring)
2024-04-17 21:07:41,756 INFO com.example.securityspring.SecuritySpringApplication [restartedMain] No active profile set, falling back to 1 default profile: "default"
2024-04-17 21:07:41,819 INFO org.springframework.boot.devtools.env.DevToolsPropertyDefaultsPostProcessor [restartedMain] Devtools property defaults active! Set 'spring.devtools.add-properties' to 'false' to disable
2024-04-17 21:07:41,820 INFO org.springframework.boot.devtools.env.DevToolsPropertyDefaultsPostProcessor [restartedMain] For additional web related logging consider setting the 'logging.level.web' property to 'DEBUG'
2024-04-17 21:07:42,657 INFO org.springframework.data.repository.config.RepositoryConfigurationDelegate [restartedMain] Bootstrapping Spring Data JPA repositories in DEFAULT mode.
2024-04-17 21:07:42,674 INFO org.springframework.data.repository.config.RepositoryConfigurationDelegate [restartedMain] Finished Spring Data repository scanning in 11 ms. Found 0 JPA repository interfaces.
2024-04-17 21:07:43,356 INFO org.springframework.boot.web.embedded.tomcat.TomcatWebServer [restartedMain] Tomcat initialized with port 8080 (http)
2024-04-17 21:07:43,365 INFO org.apache.catalina.core.StandardService [restartedMain] Starting service [Tomcat]
2024-04-17 21:07:43,366 INFO org.apache.catalina.core.StandardEngine [restartedMain] Starting Servlet engine: [Apache Tomcat/10.1.19]
2024-04-17 21:07:43,433 INFO org.apache.catalina.core.ContainerBase.[Tomcat].[localhost].[/] [restartedMain] Initializing Spring embedded WebApplicationContext
2024-04-17 21:07:43,434 INFO org.springframework.boot.web.servlet.context.ServletWebServerApplicationContext [restartedMain] Root WebApplicationContext: initialization completed in 1613 ms
2024-04-17 21:07:43,590 INFO org.hibernate.jpa.internal.util.LogHelper [restartedMain] HHH000204: Processing PersistenceUnitInfo [name: default]
2024-04-17 21:07:43,636 INFO org.hibernate.Version [restartedMain] HHH000412: Hibernate ORM core version 6.4.4.Final
2024-04-17 21:07:43,671 INFO org.hibernate.cache.internal.RegionFactoryInitiator [restartedMain] HHH000026: Second-level cache disabled
2024-04-17 21:07:43,834 INFO org.springframework.orm.jpa.persistenceunit.SpringPersistenceUnitInfo [restartedMain] No LoadTimeWeaver setup: ignoring JPA class transformer
2024-04-17 21:07:43,858 INFO com.zaxxer.hikari.HikariDataSource [restartedMain] HikariPool-1 - Starting...
2024-04-17 21:07:44,094 INFO com.zaxxer.hikari.pool.HikariPool [restartedMain] HikariPool-1 - Added connection com.mysql.cj.jdbc.ConnectionImpl@4765337d
2024-04-17 21:07:44,096 INFO com.zaxxer.hikari.HikariDataSource [restartedMain] HikariPool-1 - Start completed.
2024-04-17 21:07:44,478 INFO org.hibernate.engine.transaction.jta.platform.internal.JtaPlatformInitiator [restartedMain] HHH000489: No JTA platform available (set 'hibernate.transaction.jta.platform' to enable JTA platform integration)
2024-04-17 21:07:44,486 INFO org.springframework.orm.jpa.LocalContainerEntityManagerFactoryBean [restartedMain] Initialized JPA EntityManagerFactory for persistence unit 'default'
2024-04-17 21:07:44,857 WARN org.springframework.boot.autoconfigure.orm.jpa.JpaBaseConfiguration$JpaWebConfiguration [restartedMain] spring.jpa.open-in-view is enabled by default. Therefore, database queries may be performed during view rendering. Explicitly configure spring.jpa.open-in-view to disable this warning
2024-04-17 21:07:45,193 INFO org.springframework.security.web.DefaultSecurityFilterChain [restartedMain] Will secure any request with [org.springframework.security.web.session.DisableEncodeUrlFilter@39769fba, org.springframework.security.web.context.request.async.WebAsyncManagerIntegrationFilter@66d48e21, org.springframework.security.web.context.SecurityContextHolderFilter@26619cf2, org.springframework.security.web.header.HeaderWriterFilter@264f14b7, org.springframework.web.filter.CorsFilter@5915066f, org.springframework.security.web.authentication.logout.LogoutFilter@1e51af74, org.springframework.security.web.authentication.www.BasicAuthenticationFilter@39e71eec, org.springframework.security.web.savedrequest.RequestCacheAwareFilter@5a280a10, org.springframework.security.web.servletapi.SecurityContextHolderAwareRequestFilter@28a2c807, org.springframework.security.web.authentication.AnonymousAuthenticationFilter@7b661d8e, org.springframework.security.web.access.ExceptionTranslationFilter@7f17b7e4, org.springframework.security.web.access.intercept.AuthorizationFilter@336d0f94]
2024-04-17 21:07:45,448 INFO org.springframework.boot.devtools.autoconfigure.OptionalLiveReloadServer [restartedMain] LiveReload server is running on port 35729
2024-04-17 21:07:45,480 INFO org.springframework.boot.web.embedded.tomcat.TomcatWebServer [restartedMain] Tomcat started on port 8080 (http) with context path ''
2024-04-17 21:07:45,490 INFO com.example.securityspring.SecuritySpringApplication [restartedMain] Started SecuritySpringApplication in 4.173 seconds (process running for 4.869)
2024-04-17 21:08:07,548 INFO org.apache.catalina.core.ContainerBase.[Tomcat].[localhost].[/] [http-nio-8080-exec-4] Initializing Spring DispatcherServlet 'dispatcherServlet'
2024-04-17 21:08:07,548 INFO org.springframework.web.servlet.DispatcherServlet [http-nio-8080-exec-4] Initializing Servlet 'dispatcherServlet'
2024-04-17 21:08:07,549 INFO org.springframework.web.servlet.DispatcherServlet [http-nio-8080-exec-4] Completed initialization in 1 ms
2024-04-17 21:08:23,829 INFO org.springframework.orm.jpa.LocalContainerEntityManagerFactoryBean [SpringApplicationShutdownHook] Closing JPA EntityManagerFactory for persistence unit 'default'
2024-04-17 21:08:23,832 INFO com.zaxxer.hikari.HikariDataSource [SpringApplicationShutdownHook] HikariPool-1 - Shutdown initiated...
2024-04-17 21:08:23,838 INFO com.zaxxer.hikari.HikariDataSource [SpringApplicationShutdownHook] HikariPool-1 - Shutdown completed.
2024-04-17 21:08:28,416 INFO com.example.securityspring.SecuritySpringApplication [restartedMain] Starting SecuritySpringApplication using Java 17.0.10 with PID 13828 (C:\Users\01689\IdeaProjects\SecuritySpring\target\classes started by 01689 in C:\Users\01689\IdeaProjects\SecuritySpring)
2024-04-17 21:08:28,418 INFO com.example.securityspring.SecuritySpringApplication [restartedMain] No active profile set, falling back to 1 default profile: "default"
2024-04-17 21:08:28,470 INFO org.springframework.boot.devtools.env.DevToolsPropertyDefaultsPostProcessor [restartedMain] Devtools property defaults active! Set 'spring.devtools.add-properties' to 'false' to disable
2024-04-17 21:08:28,470 INFO org.springframework.boot.devtools.env.DevToolsPropertyDefaultsPostProcessor [restartedMain] For additional web related logging consider setting the 'logging.level.web' property to 'DEBUG'
2024-04-17 21:08:29,183 INFO org.springframework.data.repository.config.RepositoryConfigurationDelegate [restartedMain] Bootstrapping Spring Data JPA repositories in DEFAULT mode.
2024-04-17 21:08:29,200 INFO org.springframework.data.repository.config.RepositoryConfigurationDelegate [restartedMain] Finished Spring Data repository scanning in 10 ms. Found 0 JPA repository interfaces.
2024-04-17 21:08:29,677 INFO org.springframework.boot.web.embedded.tomcat.TomcatWebServer [restartedMain] Tomcat initialized with port 8080 (http)
2024-04-17 21:08:29,685 INFO org.apache.catalina.core.StandardService [restartedMain] Starting service [Tomcat]
2024-04-17 21:08:29,685 INFO org.apache.catalina.core.StandardEngine [restartedMain] Starting Servlet engine: [Apache Tomcat/10.1.19]
2024-04-17 21:08:29,735 INFO org.apache.catalina.core.ContainerBase.[Tomcat].[localhost].[/] [restartedMain] Initializing Spring embedded WebApplicationContext
2024-04-17 21:08:29,735 INFO org.springframework.boot.web.servlet.context.ServletWebServerApplicationContext [restartedMain] Root WebApplicationContext: initialization completed in 1264 ms
2024-04-17 21:08:29,865 INFO org.hibernate.jpa.internal.util.LogHelper [restartedMain] HHH000204: Processing PersistenceUnitInfo [name: default]
2024-04-17 21:08:29,909 INFO org.hibernate.Version [restartedMain] HHH000412: Hibernate ORM core version 6.4.4.Final
2024-04-17 21:08:29,944 INFO org.hibernate.cache.internal.RegionFactoryInitiator [restartedMain] HHH000026: Second-level cache disabled
2024-04-17 21:08:30,108 INFO org.springframework.orm.jpa.persistenceunit.SpringPersistenceUnitInfo [restartedMain] No LoadTimeWeaver setup: ignoring JPA class transformer
2024-04-17 21:08:30,130 INFO com.zaxxer.hikari.HikariDataSource [restartedMain] HikariPool-1 - Starting...
2024-04-17 21:08:30,364 INFO com.zaxxer.hikari.pool.HikariPool [restartedMain] HikariPool-1 - Added connection com.mysql.cj.jdbc.ConnectionImpl@1cf7873b
2024-04-17 21:08:30,366 INFO com.zaxxer.hikari.HikariDataSource [restartedMain] HikariPool-1 - Start completed.
2024-04-17 21:08:30,624 INFO org.hibernate.engine.transaction.jta.platform.internal.JtaPlatformInitiator [restartedMain] HHH000489: No JTA platform available (set 'hibernate.transaction.jta.platform' to enable JTA platform integration)
2024-04-17 21:08:30,628 INFO org.springframework.orm.jpa.LocalContainerEntityManagerFactoryBean [restartedMain] Initialized JPA EntityManagerFactory for persistence unit 'default'
2024-04-17 21:08:30,924 WARN org.springframework.boot.autoconfigure.orm.jpa.JpaBaseConfiguration$JpaWebConfiguration [restartedMain] spring.jpa.open-in-view is enabled by default. Therefore, database queries may be performed during view rendering. Explicitly configure spring.jpa.open-in-view to disable this warning
2024-04-17 21:08:31,193 INFO org.springframework.security.web.DefaultSecurityFilterChain [restartedMain] Will secure any request with [org.springframework.security.web.session.DisableEncodeUrlFilter@39769fba, org.springframework.security.web.context.request.async.WebAsyncManagerIntegrationFilter@66d48e21, org.springframework.security.web.context.SecurityContextHolderFilter@26619cf2, org.springframework.security.web.header.HeaderWriterFilter@264f14b7, org.springframework.web.filter.CorsFilter@5915066f, org.springframework.security.web.authentication.logout.LogoutFilter@1e51af74, org.springframework.security.web.authentication.www.BasicAuthenticationFilter@39e71eec, org.springframework.security.web.savedrequest.RequestCacheAwareFilter@5a280a10, org.springframework.security.web.servletapi.SecurityContextHolderAwareRequestFilter@28a2c807, org.springframework.security.web.authentication.AnonymousAuthenticationFilter@7b661d8e, org.springframework.security.web.access.ExceptionTranslationFilter@7f17b7e4, org.springframework.security.web.access.intercept.AuthorizationFilter@336d0f94]
2024-04-17 21:08:31,446 INFO org.springframework.boot.devtools.autoconfigure.OptionalLiveReloadServer [restartedMain] LiveReload server is running on port 35729
2024-04-17 21:08:31,480 INFO org.springframework.boot.web.embedded.tomcat.TomcatWebServer [restartedMain] Tomcat started on port 8080 (http) with context path ''
2024-04-17 21:08:31,489 INFO com.example.securityspring.SecuritySpringApplication [restartedMain] Started SecuritySpringApplication in 3.495 seconds (process running for 4.148)
2024-04-17 21:08:36,290 INFO org.apache.catalina.core.ContainerBase.[Tomcat].[localhost].[/] [http-nio-8080-exec-3] Initializing Spring DispatcherServlet 'dispatcherServlet'
2024-04-17 21:08:36,290 INFO org.springframework.web.servlet.DispatcherServlet [http-nio-8080-exec-3] Initializing Servlet 'dispatcherServlet'
2024-04-17 21:08:36,292 INFO org.springframework.web.servlet.DispatcherServlet [http-nio-8080-exec-3] Completed initialization in 2 ms
2024-04-17 21:14:59,215 INFO org.springframework.orm.jpa.LocalContainerEntityManagerFactoryBean [SpringApplicationShutdownHook] Closing JPA EntityManagerFactory for persistence unit 'default'
2024-04-17 21:14:59,229 INFO com.zaxxer.hikari.HikariDataSource [SpringApplicationShutdownHook] HikariPool-1 - Shutdown initiated...
2024-04-17 21:14:59,255 INFO com.zaxxer.hikari.HikariDataSource [SpringApplicationShutdownHook] HikariPool-1 - Shutdown completed.
